/root/.openclaw/workspace/projects/losses-bot/bot.py:364: PTBUserWarning: If 'per_message=False', 'CallbackQueryHandler' will not be tracked for every message. Read this FAQ entry to learn more about the per_* settings: https://github.com/python-telegram-bot/python-telegram-bot/wiki/Frequently-Asked-Questions#what-do-the-per_-settings-in-conversationhandler-do.
  conv = ConversationHandler(
2026-05-14 12:51:41,641 - __main__ - INFO - Бот потерь запущен...
2026-05-14 12:51:45,105 - httpx - INFO - HTTP Request: POST https://api.telegram.org/bot8770303896:AAGBrjx3hBdxZcJ0G5TnNdCSN4Bw_eqgT5k/getMe "HTTP/1.1 200 OK"
2026-05-14 12:51:45,132 - httpx - INFO - HTTP Request: POST https://api.telegram.org/bot8770303896:AAGBrjx3hBdxZcJ0G5TnNdCSN4Bw_eqgT5k/setMyCommands "HTTP/1.1 200 OK"
2026-05-14 12:51:45,143 - httpx - INFO - HTTP Request: POST https://api.telegram.org/bot8770303896:AAGBrjx3hBdxZcJ0G5TnNdCSN4Bw_eqgT5k/deleteWebhook "HTTP/1.1 200 OK"
2026-05-14 12:51:45,145 - telegram.ext.Application - INFO - Application started
2026-05-14 12:51:55,182 - httpx - INFO - HTTP Request: POST https://api.telegram.org/bot8770303896:AAGBrjx3hBdxZcJ0G5TnNdCSN4Bw_eqgT5k/getUpdates "HTTP/1.1 200 OK"
2026-05-14 12:52:05,201 - httpx - INFO - HTTP Request: POST https://api.telegram.org/bot8770303896:AAGBrjx3hBdxZcJ0G5TnNdCSN4Bw_eqgT5k/getUpdates "HTTP/1.1 200 OK"
2026-05-14 12:52:15,214 - httpx - INFO - HTTP Request: POST https://api.telegram.org/bot8770303896:AAGBrjx3hBdxZcJ0G5TnNdCSN4Bw_eqgT5k/getUpdates "HTTP/1.1 200 OK"
2026-05-14 12:52:25,228 - httpx - INFO - HTTP Request: POST https://api.telegram.org/bot8770303896:AAGBrjx3hBdxZcJ0G5TnNdCSN4Bw_eqgT5k/getUpdates "HTTP/1.1 200 OK"
2026-05-14 12:52:35,240 - httpx - INFO - HTTP Request: POST https://api.telegram.org/bot8770303896:AAGBrjx3hBdxZcJ0G5TnNdCSN4Bw_eqgT5k/getUpdates "HTTP/1.1 200 OK"
2026-05-14 12:52:45,251 - httpx - INFO - HTTP Request: POST https://api.telegram.org/bot8770303896:AAGBrjx3hBdxZcJ0G5TnNdCSN4Bw_eqgT5k/getUpdates "HTTP/1.1 200 OK"
2026-05-14 12:52:55,264 - httpx - INFO - HTTP Request: POST https://api.telegram.org/bot8770303896:AAGBrjx3hBdxZcJ0G5TnNdCSN4Bw_eqgT5k/getUpdates "HTTP/1.1 200 OK"
2026-05-14 12:53:05,275 - httpx - INFO - HTTP Request: POST https://api.telegram.org/bot8770303896:AAGBrjx3hBdxZcJ0G5TnNdCSN4Bw_eqgT5k/getUpdates "HTTP/1.1 200 OK"
2026-05-14 12:53:15,287 - httpx - INFO - HTTP Request: POST https://api.telegram.org/bot8770303896:AAGBrjx3hBdxZcJ0G5TnNdCSN4Bw_eqgT5k/getUpdates "HTTP/1.1 200 OK"
2026-05-14 12:53:25,300 - httpx - INFO - HTTP Request: POST https://api.telegram.org/bot8770303896:AAGBrjx3hBdxZcJ0G5TnNdCSN4Bw_eqgT5k/getUpdates "HTTP/1.1 200 OK"
2026-05-14 12:53:35,313 - httpx - INFO - HTTP Request: POST https://api.telegram.org/bot8770303896:AAGBrjx3hBdxZcJ0G5TnNdCSN4Bw_eqgT5k/getUpdates "HTTP/1.1 200 OK"
2026-05-14 12:53:45,324 - httpx - INFO - HTTP Request: POST https://api.telegram.org/bot8770303896:AAGBrjx3hBdxZcJ0G5TnNdCSN4Bw_eqgT5k/getUpdates "HTTP/1.1 200 OK"
2026-05-14 12:53:55,337 - httpx - INFO - HTTP Request: POST https://api.telegram.org/bot8770303896:AAGBrjx3hBdxZcJ0G5TnNdCSN4Bw_eqgT5k/getUpdates "HTTP/1.1 200 OK"
2026-05-14 12:54:03,735 - httpx - INFO - HTTP Request: POST https://api.telegram.org/bot8770303896:AAGBrjx3hBdxZcJ0G5TnNdCSN4Bw_eqgT5k/getUpdates "HTTP/1.1 200 OK"
2026-05-14 12:54:03,799 - httpx - INFO - HTTP Request: POST https://api.telegram.org/bot8770303896:AAGBrjx3hBdxZcJ0G5TnNdCSN4Bw_eqgT5k/sendMessage "HTTP/1.1 200 OK"
2026-05-14 12:54:13,752 - httpx - INFO - HTTP Request: POST https://api.telegram.org/bot8770303896:AAGBrjx3hBdxZcJ0G5TnNdCSN4Bw_eqgT5k/getUpdates "HTTP/1.1 200 OK"
2026-05-14 12:54:23,764 - httpx - INFO - HTTP Request: POST https://api.telegram.org/bot8770303896:AAGBrjx3hBdxZcJ0G5TnNdCSN4Bw_eqgT5k/getUpdates "HTTP/1.1 200 OK"
2026-05-14 12:54:25,273 - httpx - INFO - HTTP Request: POST https://api.telegram.org/bot8770303896:AAGBrjx3hBdxZcJ0G5TnNdCSN4Bw_eqgT5k/getUpdates "HTTP/1.1 200 OK"
2026-05-14 12:54:25,318 - httpx - INFO - HTTP Request: POST https://api.telegram.org/bot8770303896:AAGBrjx3hBdxZcJ0G5TnNdCSN4Bw_eqgT5k/answerCallbackQuery "HTTP/1.1 200 OK"
2026-05-14 12:54:25,355 - httpx - INFO - HTTP Request: POST https://api.telegram.org/bot8770303896:AAGBrjx3hBdxZcJ0G5TnNdCSN4Bw_eqgT5k/sendMessage "HTTP/1.1 200 OK"
2026-05-14 12:54:35,289 - httpx - INFO - HTTP Request: POST https://api.telegram.org/bot8770303896:AAGBrjx3hBdxZcJ0G5TnNdCSN4Bw_eqgT5k/getUpdates "HTTP/1.1 200 OK"
2026-05-14 12:54:45,302 - httpx - INFO - HTTP Request: POST https://api.telegram.org/bot8770303896:AAGBrjx3hBdxZcJ0G5TnNdCSN4Bw_eqgT5k/getUpdates "HTTP/1.1 200 OK"
2026-05-14 12:54:55,315 - httpx - INFO - HTTP Request: POST https://api.telegram.org/bot8770303896:AAGBrjx3hBdxZcJ0G5TnNdCSN4Bw_eqgT5k/getUpdates "HTTP/1.1 200 OK"
2026-05-14 12:54:57,102 - httpx - INFO - HTTP Request: POST https://api.telegram.org/bot8770303896:AAGBrjx3hBdxZcJ0G5TnNdCSN4Bw_eqgT5k/getUpdates "HTTP/1.1 200 OK"
2026-05-14 12:55:07,119 - httpx - INFO - HTTP Request: POST https://api.telegram.org/bot8770303896:AAGBrjx3hBdxZcJ0G5TnNdCSN4Bw_eqgT5k/getUpdates "HTTP/1.1 200 OK"
2026-05-14 12:55:17,132 - httpx - INFO - HTTP Request: POST https://api.telegram.org/bot8770303896:AAGBrjx3hBdxZcJ0G5TnNdCSN4Bw_eqgT5k/getUpdates "HTTP/1.1 200 OK"
2026-05-14 12:55:27,147 - httpx - INFO - HTTP Request: POST https://api.telegram.org/bot8770303896:AAGBrjx3hBdxZcJ0G5TnNdCSN4Bw_eqgT5k/getUpdates "HTTP/1.1 200 OK"
2026-05-14 12:55:33,022 - httpx - INFO - HTTP Request: POST https://api.telegram.org/bot8770303896:AAGBrjx3hBdxZcJ0G5TnNdCSN4Bw_eqgT5k/getUpdates "HTTP/1.1 200 OK"
2026-05-14 12:55:33,088 - httpx - INFO - HTTP Request: POST https://api.telegram.org/bot8770303896:AAGBrjx3hBdxZcJ0G5TnNdCSN4Bw_eqgT5k/sendMessage "HTTP/1.1 200 OK"
2026-05-14 12:55:43,039 - httpx - INFO - HTTP Request: POST https://api.telegram.org/bot8770303896:AAGBrjx3hBdxZcJ0G5TnNdCSN4Bw_eqgT5k/getUpdates "HTTP/1.1 200 OK"
2026-05-14 12:55:53,052 - httpx - INFO - HTTP Request: POST https://api.telegram.org/bot8770303896:AAGBrjx3hBdxZcJ0G5TnNdCSN4Bw_eqgT5k/getUpdates "HTTP/1.1 200 OK"
2026-05-14 12:56:03,066 - httpx - INFO - HTTP Request: POST https://api.telegram.org/bot8770303896:AAGBrjx3hBdxZcJ0G5TnNdCSN4Bw_eqgT5k/getUpdates "HTTP/1.1 200 OK"
2026-05-14 12:56:13,079 - httpx - INFO - HTTP Request: POST https://api.telegram.org/bot8770303896:AAGBrjx3hBdxZcJ0G5TnNdCSN4Bw_eqgT5k/getUpdates "HTTP/1.1 200 OK"
2026-05-14 12:56:23,090 - httpx - INFO - HTTP Request: POST https://api.telegram.org/bot8770303896:AAGBrjx3hBdxZcJ0G5TnNdCSN4Bw_eqgT5k/getUpdates "HTTP/1.1 200 OK"
2026-05-14 12:56:33,103 - httpx - INFO - HTTP Request: POST https://api.telegram.org/bot8770303896:AAGBrjx3hBdxZcJ0G5TnNdCSN4Bw_eqgT5k/getUpdates "HTTP/1.1 200 OK"
2026-05-14 12:56:43,115 - httpx - INFO - HTTP Request: POST https://api.telegram.org/bot8770303896:AAGBrjx3hBdxZcJ0G5TnNdCSN4Bw_eqgT5k/getUpdates "HTTP/1.1 200 OK"
2026-05-14 12:56:53,128 - httpx - INFO - HTTP Request: POST https://api.telegram.org/bot8770303896:AAGBrjx3hBdxZcJ0G5TnNdCSN4Bw_eqgT5k/getUpdates "HTTP/1.1 200 OK"
2026-05-14 12:57:03,140 - httpx - INFO - HTTP Request: POST https://api.telegram.org/bot8770303896:AAGBrjx3hBdxZcJ0G5TnNdCSN4Bw_eqgT5k/getUpdates "HTTP/1.1 200 OK"
2026-05-14 12:57:13,153 - httpx - INFO - HTTP Request: POST https://api.telegram.org/bot8770303896:AAGBrjx3hBdxZcJ0G5TnNdCSN4Bw_eqgT5k/getUpdates "HTTP/1.1 200 OK"
2026-05-14 12:57:23,166 - httpx - INFO - HTTP Request: POST https://api.telegram.org/bot8770303896:AAGBrjx3hBdxZcJ0G5TnNdCSN4Bw_eqgT5k/getUpdates "HTTP/1.1 200 OK"
2026-05-14 12:57:33,179 - httpx - INFO - HTTP Request: POST https://api.telegram.org/bot8770303896:AAGBrjx3hBdxZcJ0G5TnNdCSN4Bw_eqgT5k/getUpdates "HTTP/1.1 200 OK"
2026-05-14 12:57:43,190 - httpx - INFO - HTTP Request: POST https://api.telegram.org/bot8770303896:AAGBrjx3hBdxZcJ0G5TnNdCSN4Bw_eqgT5k/getUpdates "HTTP/1.1 200 OK"
2026-05-14 12:57:53,203 - httpx - INFO - HTTP Request: POST https://api.telegram.org/bot8770303896:AAGBrjx3hBdxZcJ0G5TnNdCSN4Bw_eqgT5k/getUpdates "HTTP/1.1 200 OK"
2026-05-14 12:58:03,216 - httpx - INFO - HTTP Request: POST https://api.telegram.org/bot8770303896:AAGBrjx3hBdxZcJ0G5TnNdCSN4Bw_eqgT5k/getUpdates "HTTP/1.1 200 OK"
2026-05-14 12:58:13,228 - httpx - INFO - HTTP Request: POST https://api.telegram.org/bot8770303896:AAGBrjx3hBdxZcJ0G5TnNdCSN4Bw_eqgT5k/getUpdates "HTTP/1.1 200 OK"
2026-05-14 12:58:23,241 - httpx - INFO - HTTP Request: POST https://api.telegram.org/bot8770303896:AAGBrjx3hBdxZcJ0G5TnNdCSN4Bw_eqgT5k/getUpdates "HTTP/1.1 200 OK"
2026-05-14 12:58:33,254 - httpx - INFO - HTTP Request: POST https://api.telegram.org/bot8770303896:AAGBrjx3hBdxZcJ0G5TnNdCSN4Bw_eqgT5k/getUpdates "HTTP/1.1 200 OK"
2026-05-14 12:58:43,267 - httpx - INFO - HTTP Request: POST https://api.telegram.org/bot8770303896:AAGBrjx3hBdxZcJ0G5TnNdCSN4Bw_eqgT5k/getUpdates "HTTP/1.1 200 OK"
2026-05-14 12:58:53,279 - httpx - INFO - HTTP Request: POST https://api.telegram.org/bot8770303896:AAGBrjx3hBdxZcJ0G5TnNdCSN4Bw_eqgT5k/getUpdates "HTTP/1.1 200 OK"
2026-05-14 12:59:03,292 - httpx - INFO - HTTP Request: POST https://api.telegram.org/bot8770303896:AAGBrjx3hBdxZcJ0G5TnNdCSN4Bw_eqgT5k/getUpdates "HTTP/1.1 200 OK"
2026-05-14 12:59:13,304 - httpx - INFO - HTTP Request: POST https://api.telegram.org/bot8770303896:AAGBrjx3hBdxZcJ0G5TnNdCSN4Bw_eqgT5k/getUpdates "HTTP/1.1 200 OK"
2026-05-14 12:59:23,317 - httpx - INFO - HTTP Request: POST https://api.telegram.org/bot8770303896:AAGBrjx3hBdxZcJ0G5TnNdCSN4Bw_eqgT5k/getUpdates "HTTP/1.1 200 OK"
2026-05-14 12:59:33,329 - httpx - INFO - HTTP Request: POST https://api.telegram.org/bot8770303896:AAGBrjx3hBdxZcJ0G5TnNdCSN4Bw_eqgT5k/getUpdates "HTTP/1.1 200 OK"
2026-05-14 12:59:43,342 - httpx - INFO - HTTP Request: POST https://api.telegram.org/bot8770303896:AAGBrjx3hBdxZcJ0G5TnNdCSN4Bw_eqgT5k/getUpdates "HTTP/1.1 200 OK"
2026-05-14 12:59:53,355 - httpx - INFO - HTTP Request: POST https://api.telegram.org/bot8770303896:AAGBrjx3hBdxZcJ0G5TnNdCSN4Bw_eqgT5k/getUpdates "HTTP/1.1 200 OK"
2026-05-14 13:00:03,367 - httpx - INFO - HTTP Request: POST https://api.telegram.org/bot8770303896:AAGBrjx3hBdxZcJ0G5TnNdCSN4Bw_eqgT5k/getUpdates "HTTP/1.1 200 OK"
2026-05-14 13:00:13,380 - httpx - INFO - HTTP Request: POST https://api.telegram.org/bot8770303896:AAGBrjx3hBdxZcJ0G5TnNdCSN4Bw_eqgT5k/getUpdates "HTTP/1.1 200 OK"
2026-05-14 13:00:23,395 - httpx - INFO - HTTP Request: POST https://api.telegram.org/bot8770303896:AAGBrjx3hBdxZcJ0G5TnNdCSN4Bw_eqgT5k/getUpdates "HTTP/1.1 200 OK"
2026-05-14 13:00:33,409 - httpx - INFO - HTTP Request: POST https://api.telegram.org/bot8770303896:AAGBrjx3hBdxZcJ0G5TnNdCSN4Bw_eqgT5k/getUpdates "HTTP/1.1 200 OK"
2026-05-14 13:00:43,422 - httpx - INFO - HTTP Request: POST https://api.telegram.org/bot8770303896:AAGBrjx3hBdxZcJ0G5TnNdCSN4Bw_eqgT5k/getUpdates "HTTP/1.1 200 OK"
2026-05-14 13:00:53,435 - httpx - INFO - HTTP Request: POST https://api.telegram.org/bot8770303896:AAGBrjx3hBdxZcJ0G5TnNdCSN4Bw_eqgT5k/getUpdates "HTTP/1.1 200 OK"
2026-05-14 13:01:03,576 - httpx - INFO - HTTP Request: POST https://api.telegram.org/bot8770303896:AAGBrjx3hBdxZcJ0G5TnNdCSN4Bw_eqgT5k/getUpdates "HTTP/1.1 200 OK"
2026-05-14 13:01:13,593 - httpx - INFO - HTTP Request: POST https://api.telegram.org/bot8770303896:AAGBrjx3hBdxZcJ0G5TnNdCSN4Bw_eqgT5k/getUpdates "HTTP/1.1 200 OK"
2026-05-14 13:01:23,606 - httpx - INFO - HTTP Request: POST https://api.telegram.org/bot8770303896:AAGBrjx3hBdxZcJ0G5TnNdCSN4Bw_eqgT5k/getUpdates "HTTP/1.1 200 OK"
2026-05-14 13:01:33,618 - httpx - INFO - HTTP Request: POST https://api.telegram.org/bot8770303896:AAGBrjx3hBdxZcJ0G5TnNdCSN4Bw_eqgT5k/getUpdates "HTTP/1.1 200 OK"
2026-05-14 13:01:40,814 - httpx - INFO - HTTP Request: POST https://api.telegram.org/bot8770303896:AAGBrjx3hBdxZcJ0G5TnNdCSN4Bw_eqgT5k/getUpdates "HTTP/1.1 200 OK"
2026-05-14 13:01:40,815 - telegram.ext.Application - INFO - Application is stopping. This might take a moment.
2026-05-14 13:01:40,815 - telegram.ext.Application - INFO - Application.stop() complete
/root/.openclaw/workspace/projects/losses-bot/bot.py:374: PTBUserWarning: If 'per_message=False', 'CallbackQueryHandler' will not be tracked for every message. Read this FAQ entry to learn more about the per_* settings: https://github.com/python-telegram-bot/python-telegram-bot/wiki/Frequently-Asked-Questions#what-do-the-per_-settings-in-conversationhandler-do.
  conv = ConversationHandler(
2026-05-14 13:01:42,718 - __main__ - INFO - Бот потерь запущен...
2026-05-14 13:01:42,760 - httpx - INFO - HTTP Request: POST https://api.telegram.org/bot8770303896:AAGBrjx3hBdxZcJ0G5TnNdCSN4Bw_eqgT5k/getMe "HTTP/1.1 200 OK"
2026-05-14 13:01:42,825 - httpx - INFO - HTTP Request: POST https://api.telegram.org/bot8770303896:AAGBrjx3hBdxZcJ0G5TnNdCSN4Bw_eqgT5k/setMyCommands "HTTP/1.1 200 OK"
2026-05-14 13:01:42,835 - httpx - INFO - HTTP Request: POST https://api.telegram.org/bot8770303896:AAGBrjx3hBdxZcJ0G5TnNdCSN4Bw_eqgT5k/deleteWebhook "HTTP/1.1 200 OK"
2026-05-14 13:01:42,837 - telegram.ext.Application - INFO - Application started
2026-05-14 13:01:52,868 - httpx - INFO - HTTP Request: POST https://api.telegram.org/bot8770303896:AAGBrjx3hBdxZcJ0G5TnNdCSN4Bw_eqgT5k/getUpdates "HTTP/1.1 200 OK"
2026-05-14 13:02:02,881 - httpx - INFO - HTTP Request: POST https://api.telegram.org/bot8770303896:AAGBrjx3hBdxZcJ0G5TnNdCSN4Bw_eqgT5k/getUpdates "HTTP/1.1 200 OK"
2026-05-14 13:02:12,895 - httpx - INFO - HTTP Request: POST https://api.telegram.org/bot8770303896:AAGBrjx3hBdxZcJ0G5TnNdCSN4Bw_eqgT5k/getUpdates "HTTP/1.1 200 OK"
2026-05-14 13:02:22,910 - httpx - INFO - HTTP Request: POST https://api.telegram.org/bot8770303896:AAGBrjx3hBdxZcJ0G5TnNdCSN4Bw_eqgT5k/getUpdates "HTTP/1.1 200 OK"
2026-05-14 13:02:32,924 - httpx - INFO - HTTP Request: POST https://api.telegram.org/bot8770303896:AAGBrjx3hBdxZcJ0G5TnNdCSN4Bw_eqgT5k/getUpdates "HTTP/1.1 200 OK"
2026-05-14 13:02:42,938 - httpx - INFO - HTTP Request: POST https://api.telegram.org/bot8770303896:AAGBrjx3hBdxZcJ0G5TnNdCSN4Bw_eqgT5k/getUpdates "HTTP/1.1 200 OK"
2026-05-14 13:02:52,952 - httpx - INFO - HTTP Request: POST https://api.telegram.org/bot8770303896:AAGBrjx3hBdxZcJ0G5TnNdCSN4Bw_eqgT5k/getUpdates "HTTP/1.1 200 OK"
2026-05-14 13:03:02,965 - httpx - INFO - HTTP Request: POST https://api.telegram.org/bot8770303896:AAGBrjx3hBdxZcJ0G5TnNdCSN4Bw_eqgT5k/getUpdates "HTTP/1.1 200 OK"
2026-05-14 13:03:12,979 - httpx - INFO - HTTP Request: POST https://api.telegram.org/bot8770303896:AAGBrjx3hBdxZcJ0G5TnNdCSN4Bw_eqgT5k/getUpdates "HTTP/1.1 200 OK"
2026-05-14 13:03:22,991 - httpx - INFO - HTTP Request: POST https://api.telegram.org/bot8770303896:AAGBrjx3hBdxZcJ0G5TnNdCSN4Bw_eqgT5k/getUpdates "HTTP/1.1 200 OK"
2026-05-14 13:03:33,005 - httpx - INFO - HTTP Request: POST https://api.telegram.org/bot8770303896:AAGBrjx3hBdxZcJ0G5TnNdCSN4Bw_eqgT5k/getUpdates "HTTP/1.1 200 OK"
2026-05-14 13:03:43,019 - httpx - INFO - HTTP Request: POST https://api.telegram.org/bot8770303896:AAGBrjx3hBdxZcJ0G5TnNdCSN4Bw_eqgT5k/getUpdates "HTTP/1.1 200 OK"
2026-05-14 13:03:53,033 - httpx - INFO - HTTP Request: POST https://api.telegram.org/bot8770303896:AAGBrjx3hBdxZcJ0G5TnNdCSN4Bw_eqgT5k/getUpdates "HTTP/1.1 200 OK"
2026-05-14 13:04:00,292 - httpx - INFO - HTTP Request: POST https://api.telegram.org/bot8770303896:AAGBrjx3hBdxZcJ0G5TnNdCSN4Bw_eqgT5k/getUpdates "HTTP/1.1 200 OK"
2026-05-14 13:04:00,385 - httpx - INFO - HTTP Request: POST https://api.telegram.org/bot8770303896:AAGBrjx3hBdxZcJ0G5TnNdCSN4Bw_eqgT5k/sendMessage "HTTP/1.1 200 OK"
2026-05-14 13:04:06,211 - httpx - INFO - HTTP Request: POST https://api.telegram.org/bot8770303896:AAGBrjx3hBdxZcJ0G5TnNdCSN4Bw_eqgT5k/getUpdates "HTTP/1.1 200 OK"
2026-05-14 13:04:06,257 - httpx - INFO - HTTP Request: POST https://api.telegram.org/bot8770303896:AAGBrjx3hBdxZcJ0G5TnNdCSN4Bw_eqgT5k/answerCallbackQuery "HTTP/1.1 200 OK"
2026-05-14 13:04:06,295 - httpx - INFO - HTTP Request: POST https://api.telegram.org/bot8770303896:AAGBrjx3hBdxZcJ0G5TnNdCSN4Bw_eqgT5k/sendMessage "HTTP/1.1 200 OK"
2026-05-14 13:04:16,226 - httpx - INFO - HTTP Request: POST https://api.telegram.org/bot8770303896:AAGBrjx3hBdxZcJ0G5TnNdCSN4Bw_eqgT5k/getUpdates "HTTP/1.1 200 OK"
2026-05-14 13:04:26,241 - httpx - INFO - HTTP Request: POST https://api.telegram.org/bot8770303896:AAGBrjx3hBdxZcJ0G5TnNdCSN4Bw_eqgT5k/getUpdates "HTTP/1.1 200 OK"
2026-05-14 13:04:36,255 - httpx - INFO - HTTP Request: POST https://api.telegram.org/bot8770303896:AAGBrjx3hBdxZcJ0G5TnNdCSN4Bw_eqgT5k/getUpdates "HTTP/1.1 200 OK"
2026-05-14 13:04:38,415 - httpx - INFO - HTTP Request: POST https://api.telegram.org/bot8770303896:AAGBrjx3hBdxZcJ0G5TnNdCSN4Bw_eqgT5k/getUpdates "HTTP/1.1 200 OK"
2026-05-14 13:04:48,429 - httpx - INFO - HTTP Request: POST https://api.telegram.org/bot8770303896:AAGBrjx3hBdxZcJ0G5TnNdCSN4Bw_eqgT5k/getUpdates "HTTP/1.1 200 OK"
2026-05-14 13:04:58,444 - httpx - INFO - HTTP Request: POST https://api.telegram.org/bot8770303896:AAGBrjx3hBdxZcJ0G5TnNdCSN4Bw_eqgT5k/getUpdates "HTTP/1.1 200 OK"
2026-05-14 13:05:08,456 - httpx - INFO - HTTP Request: POST https://api.telegram.org/bot8770303896:AAGBrjx3hBdxZcJ0G5TnNdCSN4Bw_eqgT5k/getUpdates "HTTP/1.1 200 OK"
2026-05-14 13:05:18,470 - httpx - INFO - HTTP Request: POST https://api.telegram.org/bot8770303896:AAGBrjx3hBdxZcJ0G5TnNdCSN4Bw_eqgT5k/getUpdates "HTTP/1.1 200 OK"
2026-05-14 13:05:28,483 - httpx - INFO - HTTP Request: POST https://api.telegram.org/bot8770303896:AAGBrjx3hBdxZcJ0G5TnNdCSN4Bw_eqgT5k/getUpdates "HTTP/1.1 200 OK"
2026-05-14 13:05:38,495 - httpx - INFO - HTTP Request: POST https://api.telegram.org/bot8770303896:AAGBrjx3hBdxZcJ0G5TnNdCSN4Bw_eqgT5k/getUpdates "HTTP/1.1 200 OK"
2026-05-14 13:05:48,507 - httpx - INFO - HTTP Request: POST https://api.telegram.org/bot8770303896:AAGBrjx3hBdxZcJ0G5TnNdCSN4Bw_eqgT5k/getUpdates "HTTP/1.1 200 OK"
2026-05-14 13:05:58,520 - httpx - INFO - HTTP Request: POST https://api.telegram.org/bot8770303896:AAGBrjx3hBdxZcJ0G5TnNdCSN4Bw_eqgT5k/getUpdates "HTTP/1.1 200 OK"
2026-05-14 13:06:08,535 - httpx - INFO - HTTP Request: POST https://api.telegram.org/bot8770303896:AAGBrjx3hBdxZcJ0G5TnNdCSN4Bw_eqgT5k/getUpdates "HTTP/1.1 200 OK"
2026-05-14 13:06:18,547 - httpx - INFO - HTTP Request: POST https://api.telegram.org/bot8770303896:AAGBrjx3hBdxZcJ0G5TnNdCSN4Bw_eqgT5k/getUpdates "HTTP/1.1 200 OK"
2026-05-14 13:06:28,561 - httpx - INFO - HTTP Request: POST https://api.telegram.org/bot8770303896:AAGBrjx3hBdxZcJ0G5TnNdCSN4Bw_eqgT5k/getUpdates "HTTP/1.1 200 OK"
2026-05-14 13:06:38,574 - httpx - INFO - HTTP Request: POST https://api.telegram.org/bot8770303896:AAGBrjx3hBdxZcJ0G5TnNdCSN4Bw_eqgT5k/getUpdates "HTTP/1.1 200 OK"
2026-05-14 13:06:48,585 - httpx - INFO - HTTP Request: POST https://api.telegram.org/bot8770303896:AAGBrjx3hBdxZcJ0G5TnNdCSN4Bw_eqgT5k/getUpdates "HTTP/1.1 200 OK"
2026-05-14 13:06:58,598 - httpx - INFO - HTTP Request: POST https://api.telegram.org/bot8770303896:AAGBrjx3hBdxZcJ0G5TnNdCSN4Bw_eqgT5k/getUpdates "HTTP/1.1 200 OK"
2026-05-14 13:07:08,610 - httpx - INFO - HTTP Request: POST https://api.telegram.org/bot8770303896:AAGBrjx3hBdxZcJ0G5TnNdCSN4Bw_eqgT5k/getUpdates "HTTP/1.1 200 OK"
2026-05-14 13:07:18,623 - httpx - INFO - HTTP Request: POST https://api.telegram.org/bot8770303896:AAGBrjx3hBdxZcJ0G5TnNdCSN4Bw_eqgT5k/getUpdates "HTTP/1.1 200 OK"
2026-05-14 13:07:28,635 - httpx - INFO - HTTP Request: POST https://api.telegram.org/bot8770303896:AAGBrjx3hBdxZcJ0G5TnNdCSN4Bw_eqgT5k/getUpdates "HTTP/1.1 200 OK"
2026-05-14 13:07:38,649 - httpx - INFO - HTTP Request: POST https://api.telegram.org/bot8770303896:AAGBrjx3hBdxZcJ0G5TnNdCSN4Bw_eqgT5k/getUpdates "HTTP/1.1 200 OK"
2026-05-14 13:07:44,536 - httpx - INFO - HTTP Request: POST https://api.telegram.org/bot8770303896:AAGBrjx3hBdxZcJ0G5TnNdCSN4Bw_eqgT5k/getUpdates "HTTP/1.1 200 OK"
2026-05-14 13:07:44,537 - telegram.ext.Application - INFO - Application is stopping. This might take a moment.
2026-05-14 13:07:44,537 - telegram.ext.Application - INFO - Application.stop() complete
/root/.openclaw/workspace/projects/losses-bot/bot.py:394: PTBUserWarning: If 'per_message=False', 'CallbackQueryHandler' will not be tracked for every message. Read this FAQ entry to learn more about the per_* settings: https://github.com/python-telegram-bot/python-telegram-bot/wiki/Frequently-Asked-Questions#what-do-the-per_-settings-in-conversationhandler-do.
  conv = ConversationHandler(
2026-05-14 13:07:46,279 - __main__ - INFO - Бот потерь запущен...
2026-05-14 13:07:46,331 - httpx - INFO - HTTP Request: POST https://api.telegram.org/bot8770303896:AAGBrjx3hBdxZcJ0G5TnNdCSN4Bw_eqgT5k/getMe "HTTP/1.1 200 OK"
2026-05-14 13:07:46,360 - httpx - INFO - HTTP Request: POST https://api.telegram.org/bot8770303896:AAGBrjx3hBdxZcJ0G5TnNdCSN4Bw_eqgT5k/setMyCommands "HTTP/1.1 200 OK"
2026-05-14 13:07:46,373 - httpx - INFO - HTTP Request: POST https://api.telegram.org/bot8770303896:AAGBrjx3hBdxZcJ0G5TnNdCSN4Bw_eqgT5k/deleteWebhook "HTTP/1.1 200 OK"
2026-05-14 13:07:46,374 - telegram.ext.Application - INFO - Application started
2026-05-14 13:07:56,405 - httpx - INFO - HTTP Request: POST https://api.telegram.org/bot8770303896:AAGBrjx3hBdxZcJ0G5TnNdCSN4Bw_eqgT5k/getUpdates "HTTP/1.1 200 OK"
2026-05-14 13:08:06,416 - httpx - INFO - HTTP Request: POST https://api.telegram.org/bot8770303896:AAGBrjx3hBdxZcJ0G5TnNdCSN4Bw_eqgT5k/getUpdates "HTTP/1.1 200 OK"
2026-05-14 13:08:16,427 - httpx - INFO - HTTP Request: POST https://api.telegram.org/bot8770303896:AAGBrjx3hBdxZcJ0G5TnNdCSN4Bw_eqgT5k/getUpdates "HTTP/1.1 200 OK"
2026-05-14 13:08:25,680 - httpx - INFO - HTTP Request: POST https://api.telegram.org/bot8770303896:AAGBrjx3hBdxZcJ0G5TnNdCSN4Bw_eqgT5k/getUpdates "HTTP/1.1 200 OK"
2026-05-14 13:08:25,734 - httpx - INFO - HTTP Request: POST https://api.telegram.org/bot8770303896:AAGBrjx3hBdxZcJ0G5TnNdCSN4Bw_eqgT5k/answerCallbackQuery "HTTP/1.1 200 OK"
2026-05-14 13:08:25,781 - httpx - INFO - HTTP Request: POST https://api.telegram.org/bot8770303896:AAGBrjx3hBdxZcJ0G5TnNdCSN4Bw_eqgT5k/sendMessage "HTTP/1.1 200 OK"
2026-05-14 13:08:34,386 - httpx - INFO - HTTP Request: POST https://api.telegram.org/bot8770303896:AAGBrjx3hBdxZcJ0G5TnNdCSN4Bw_eqgT5k/getUpdates "HTTP/1.1 200 OK"
2026-05-14 13:08:44,397 - httpx - INFO - HTTP Request: POST https://api.telegram.org/bot8770303896:AAGBrjx3hBdxZcJ0G5TnNdCSN4Bw_eqgT5k/getUpdates "HTTP/1.1 200 OK"
2026-05-14 13:08:54,408 - httpx - INFO - HTTP Request: POST https://api.telegram.org/bot8770303896:AAGBrjx3hBdxZcJ0G5TnNdCSN4Bw_eqgT5k/getUpdates "HTTP/1.1 200 OK"
2026-05-14 13:09:04,420 - httpx - INFO - HTTP Request: POST https://api.telegram.org/bot8770303896:AAGBrjx3hBdxZcJ0G5TnNdCSN4Bw_eqgT5k/getUpdates "HTTP/1.1 200 OK"
2026-05-14 13:09:14,432 - httpx - INFO - HTTP Request: POST https://api.telegram.org/bot8770303896:AAGBrjx3hBdxZcJ0G5TnNdCSN4Bw_eqgT5k/getUpdates "HTTP/1.1 200 OK"
2026-05-14 13:09:24,444 - httpx - INFO - HTTP Request: POST https://api.telegram.org/bot8770303896:AAGBrjx3hBdxZcJ0G5TnNdCSN4Bw_eqgT5k/getUpdates "HTTP/1.1 200 OK"
2026-05-14 13:09:34,454 - httpx - INFO - HTTP Request: POST https://api.telegram.org/bot8770303896:AAGBrjx3hBdxZcJ0G5TnNdCSN4Bw_eqgT5k/getUpdates "HTTP/1.1 200 OK"
2026-05-14 13:09:44,465 - httpx - INFO - HTTP Request: POST https://api.telegram.org/bot8770303896:AAGBrjx3hBdxZcJ0G5TnNdCSN4Bw_eqgT5k/getUpdates "HTTP/1.1 200 OK"
2026-05-14 13:09:54,476 - httpx - INFO - HTTP Request: POST https://api.telegram.org/bot8770303896:AAGBrjx3hBdxZcJ0G5TnNdCSN4Bw_eqgT5k/getUpdates "HTTP/1.1 200 OK"
2026-05-14 13:10:04,488 - httpx - INFO - HTTP Request: POST https://api.telegram.org/bot8770303896:AAGBrjx3hBdxZcJ0G5TnNdCSN4Bw_eqgT5k/getUpdates "HTTP/1.1 200 OK"
2026-05-14 13:10:14,500 - httpx - INFO - HTTP Request: POST https://api.telegram.org/bot8770303896:AAGBrjx3hBdxZcJ0G5TnNdCSN4Bw_eqgT5k/getUpdates "HTTP/1.1 200 OK"
2026-05-14 13:10:24,511 - httpx - INFO - HTTP Request: POST https://api.telegram.org/bot8770303896:AAGBrjx3hBdxZcJ0G5TnNdCSN4Bw_eqgT5k/getUpdates "HTTP/1.1 200 OK"
2026-05-14 13:10:34,523 - httpx - INFO - HTTP Request: POST https://api.telegram.org/bot8770303896:AAGBrjx3hBdxZcJ0G5TnNdCSN4Bw_eqgT5k/getUpdates "HTTP/1.1 200 OK"
2026-05-14 13:10:44,535 - httpx - INFO - HTTP Request: POST https://api.telegram.org/bot8770303896:AAGBrjx3hBdxZcJ0G5TnNdCSN4Bw_eqgT5k/getUpdates "HTTP/1.1 200 OK"
2026-05-14 13:10:54,548 - httpx - INFO - HTTP Request: POST https://api.telegram.org/bot8770303896:AAGBrjx3hBdxZcJ0G5TnNdCSN4Bw_eqgT5k/getUpdates "HTTP/1.1 200 OK"
2026-05-14 13:11:03,457 - httpx - INFO - HTTP Request: POST https://api.telegram.org/bot8770303896:AAGBrjx3hBdxZcJ0G5TnNdCSN4Bw_eqgT5k/getUpdates "HTTP/1.1 200 OK"
2026-05-14 13:11:03,457 - telegram.ext.Application - INFO - Application is stopping. This might take a moment.
2026-05-14 13:11:03,457 - telegram.ext.Application - INFO - Application.stop() complete
2026-05-14 13:11:05,228 - INFO - Бот потерь запущен...
2026-05-14 13:11:05,270 - INFO - HTTP Request: POST https://api.telegram.org/bot8770303896:AAGBrjx3hBdxZcJ0G5TnNdCSN4Bw_eqgT5k/getMe "HTTP/1.1 200 OK"
2026-05-14 13:11:05,290 - INFO - HTTP Request: POST https://api.telegram.org/bot8770303896:AAGBrjx3hBdxZcJ0G5TnNdCSN4Bw_eqgT5k/setMyCommands "HTTP/1.1 200 OK"
2026-05-14 13:11:05,301 - INFO - HTTP Request: POST https://api.telegram.org/bot8770303896:AAGBrjx3hBdxZcJ0G5TnNdCSN4Bw_eqgT5k/deleteWebhook "HTTP/1.1 200 OK"
2026-05-14 13:11:05,302 - INFO - Application started
